<?xml version="1.0" encoding="UTF-8"?>
<testng-results ignored="0" total="5" passed="4" failed="1" skipped="0">
  <reporter-output>
  </reporter-output>
  <suite started-at="2024-03-18T15:25:51 IST" name="Suite" finished-at="2024-03-18T15:26:19 IST" duration-ms="27110">
    <groups>
    </groups>
    <test started-at="2024-03-18T15:25:51 IST" name="Integration Test" finished-at="2024-03-18T15:26:19 IST" duration-ms="27110">
      <class name="nopEcommercePoject.NopEcommerce">
        <test-method is-config="true" signature="initializeExtentReporter()[pri:0, instance:nopEcommercePoject.NopEcommerce@742ff096]" started-at="2024-03-18T15:25:51 IST" name="initializeExtentReporter" finished-at="2024-03-18T15:25:51 IST" duration-ms="177" status="PASS">
          <reporter-output>
          </reporter-output>
        </test-method> <!-- initializeExtentReporter -->
        <test-method is-config="true" signature="setUp(org.testng.ITestContext)[pri:0, instance:nopEcommercePoject.NopEcommerce@742ff096]" started-at="2024-03-18T15:25:51 IST" name="setUp" finished-at="2024-03-18T15:25:53 IST" duration-ms="2028" status="PASS">
          <params>
            <param index="0">
              <value>
                <![CDATA[org.testng.TestRunner@1fc713c9]]>
              </value>
            </param>
          </params>
          <reporter-output>
          </reporter-output>
        </test-method> <!-- setUp -->
        <test-method signature="launchWebsite()[pri:0, instance:nopEcommercePoject.NopEcommerce@742ff096]" started-at="2024-03-18T15:25:53 IST" name="launchWebsite" finished-at="2024-03-18T15:25:55 IST" duration-ms="1018" status="PASS">
          <reporter-output>
          </reporter-output>
        </test-method> <!-- launchWebsite -->
        <test-method is-config="true" signature="checkStatus(org.testng.ITestResult)[pri:0, instance:nopEcommercePoject.NopEcommerce@742ff096]" started-at="2024-03-18T15:25:55 IST" name="checkStatus" finished-at="2024-03-18T15:25:55 IST" duration-ms="1" status="PASS">
          <params>
            <param index="0">
              <value>
                <![CDATA[[TestResult name=launchWebsite status=SUCCESS method=NopEcommerce.launchWebsite()[pri:0, instance:nopEcommercePoject.NopEcommerce@742ff096] output={null}]]]>
              </value>
            </param>
          </params>
          <reporter-output>
          </reporter-output>
        </test-method> <!-- checkStatus -->
        <test-method signature="registerNewUser(java.lang.String,java.lang.String,java.lang.String,java.lang.String,java.lang.String,java.lang.String,java.lang.String,java.lang.String,boolean,java.lang.String)[pri:1, instance:nopEcommercePoject.NopEcommerce@742ff096]" started-at="2024-03-18T15:25:55 IST" name="registerNewUser" data-provider="registrationData" finished-at="2024-03-18T15:26:00 IST" duration-ms="5045" status="PASS">
          <params>
            <param index="0">
              <value>
                <![CDATA[Male]]>
              </value>
            </param>
            <param index="1">
              <value>
                <![CDATA[Omkar G]]>
              </value>
            </param>
            <param index="2">
              <value>
                <![CDATA[Patil]]>
              </value>
            </param>
            <param index="3">
              <value>
                <![CDATA[15]]>
              </value>
            </param>
            <param index="4">
              <value>
                <![CDATA[January]]>
              </value>
            </param>
            <param index="5">
              <value>
                <![CDATA[1990]]>
              </value>
            </param>
            <param index="6">
              <value>
                <![CDATA[omkarg@example.com]]>
              </value>
            </param>
            <param index="7">
              <value>
                <![CDATA[ACME Corp]]>
              </value>
            </param>
            <param index="8">
              <value>
                <![CDATA[true]]>
              </value>
            </param>
            <param index="9">
              <value>
                <![CDATA[password123]]>
              </value>
            </param>
          </params>
          <reporter-output>
          </reporter-output>
        </test-method> <!-- registerNewUser -->
        <test-method is-config="true" signature="checkStatus(org.testng.ITestResult)[pri:0, instance:nopEcommercePoject.NopEcommerce@742ff096]" started-at="2024-03-18T15:26:00 IST" name="checkStatus" finished-at="2024-03-18T15:26:00 IST" duration-ms="3" status="PASS">
          <params>
            <param index="0">
              <value>
                <![CDATA[[TestResult name=registerNewUser status=SUCCESS method=NopEcommerce.registerNewUser(java.lang.String,java.lang.String,java.lang.String,java.lang.String,java.lang.String,java.lang.String,java.lang.String,java.lang.String,boolean,java.lang.String)[pri:1, instance:nopEcommercePoject.NopEcommerce@742ff096] output={null}]]]>
              </value>
            </param>
          </params>
          <reporter-output>
          </reporter-output>
        </test-method> <!-- checkStatus -->
        <test-method signature="addTocart()[pri:2, instance:nopEcommercePoject.NopEcommerce@742ff096]" started-at="2024-03-18T15:26:00 IST" name="addTocart" finished-at="2024-03-18T15:26:11 IST" duration-ms="11808" status="FAIL">
          <exception class="org.openqa.selenium.NoSuchElementException">
            <message>
              <![CDATA[no such element: Unable to locate element: {"method":"xpath","selector":"//span[@class='close']"}
  (Session info: chrome=122.0.6261.129)
For documentation on this error, please visit: https://www.selenium.dev/documentation/webdriver/troubleshooting/errors#no-such-element-exception
Build info: version: '4.18.1', revision: 'b1d3319b48'
System info: os.name: 'Windows 11', os.arch: 'amd64', os.version: '10.0', java.version: '17.0.9'
Driver info: org.openqa.selenium.chrome.ChromeDriver
Command: [4f7e2d3e1a9182b9a85cb0c2d3330163, findElement {using=xpath, value=//span[@class='close']}]
Capabilities {acceptInsecureCerts: false, browserName: chrome, browserVersion: 122.0.6261.129, chrome: {chromedriverVersion: 122.0.6261.128 (f18a44fedeb..., userDataDir: C:\Users\OMKARG~1\AppData\L...}, fedcm:accounts: true, goog:chromeOptions: {debuggerAddress: localhost:63756}, networkConnectionEnabled: false, pageLoadStrategy: normal, platformName: windows, proxy: Proxy(), se:cdp: ws://localhost:63756/devtoo..., se:cdpVersion: 122.0.6261.129, setWindowRect: true, strictFileInteractability: false, timeouts: {implicit: 0, pageLoad: 300000, script: 30000}, unhandledPromptBehavior: dismiss and notify, webauthn:extension:credBlob: true, webauthn:extension:largeBlob: true, webauthn:extension:minPinLength: true, webauthn:extension:prf: true, webauthn:virtualAuthenticators: true}
Session ID: 4f7e2d3e1a9182b9a85cb0c2d3330163]]>
            </message>
            <full-stacktrace>
              <![CDATA[org.openqa.selenium.NoSuchElementException: no such element: Unable to locate element: {"method":"xpath","selector":"//span[@class='close']"}
  (Session info: chrome=122.0.6261.129)
For documentation on this error, please visit: https://www.selenium.dev/documentation/webdriver/troubleshooting/errors#no-such-element-exception
Build info: version: '4.18.1', revision: 'b1d3319b48'
System info: os.name: 'Windows 11', os.arch: 'amd64', os.version: '10.0', java.version: '17.0.9'
Driver info: org.openqa.selenium.chrome.ChromeDriver
Command: [4f7e2d3e1a9182b9a85cb0c2d3330163, findElement {using=xpath, value=//span[@class='close']}]
Capabilities {acceptInsecureCerts: false, browserName: chrome, browserVersion: 122.0.6261.129, chrome: {chromedriverVersion: 122.0.6261.128 (f18a44fedeb..., userDataDir: C:\Users\OMKARG~1\AppData\L...}, fedcm:accounts: true, goog:chromeOptions: {debuggerAddress: localhost:63756}, networkConnectionEnabled: false, pageLoadStrategy: normal, platformName: windows, proxy: Proxy(), se:cdp: ws://localhost:63756/devtoo..., se:cdpVersion: 122.0.6261.129, setWindowRect: true, strictFileInteractability: false, timeouts: {implicit: 0, pageLoad: 300000, script: 30000}, unhandledPromptBehavior: dismiss and notify, webauthn:extension:credBlob: true, webauthn:extension:largeBlob: true, webauthn:extension:minPinLength: true, webauthn:extension:prf: true, webauthn:virtualAuthenticators: true}
Session ID: 4f7e2d3e1a9182b9a85cb0c2d3330163
at java.base/jdk.internal.reflect.NativeConstructorAccessorImpl.newInstance0(Native Method)
at java.base/jdk.internal.reflect.NativeConstructorAccessorImpl.newInstance(NativeConstructorAccessorImpl.java:77)
at java.base/jdk.internal.reflect.DelegatingConstructorAccessorImpl.newInstance(DelegatingConstructorAccessorImpl.java:45)
at java.base/java.lang.reflect.Constructor.newInstanceWithCaller(Constructor.java:499)
at java.base/java.lang.reflect.Constructor.newInstance(Constructor.java:480)
at org.openqa.selenium.remote.ErrorCodec.decode(ErrorCodec.java:167)
at org.openqa.selenium.remote.codec.w3c.W3CHttpResponseCodec.decode(W3CHttpResponseCodec.java:138)
at org.openqa.selenium.remote.codec.w3c.W3CHttpResponseCodec.decode(W3CHttpResponseCodec.java:50)
at org.openqa.selenium.remote.HttpCommandExecutor.execute(HttpCommandExecutor.java:190)
at org.openqa.selenium.remote.service.DriverCommandExecutor.invokeExecute(DriverCommandExecutor.java:216)
at org.openqa.selenium.remote.service.DriverCommandExecutor.execute(DriverCommandExecutor.java:174)
at org.openqa.selenium.remote.RemoteWebDriver.execute(RemoteWebDriver.java:519)
at org.openqa.selenium.remote.ElementLocation$ElementFinder$2.findElement(ElementLocation.java:165)
at org.openqa.selenium.remote.ElementLocation.findElement(ElementLocation.java:59)
at org.openqa.selenium.remote.RemoteWebDriver.findElement(RemoteWebDriver.java:356)
at org.openqa.selenium.remote.RemoteWebDriver.findElement(RemoteWebDriver.java:350)
at nopEcommercePoject.NopEcommerce.addTocart(NopEcommerce.java:111)
at java.base/jdk.internal.reflect.NativeMethodAccessorImpl.invoke0(Native Method)
at java.base/jdk.internal.reflect.NativeMethodAccessorImpl.invoke(NativeMethodAccessorImpl.java:77)
at java.base/jdk.internal.reflect.DelegatingMethodAccessorImpl.invoke(DelegatingMethodAccessorImpl.java:43)
at java.base/java.lang.reflect.Method.invoke(Method.java:568)
at org.testng.internal.invokers.MethodInvocationHelper.invokeMethod(MethodInvocationHelper.java:139)
at org.testng.internal.invokers.TestInvoker.invokeMethod(TestInvoker.java:664)
at org.testng.internal.invokers.TestInvoker.invokeTestMethod(TestInvoker.java:228)
at org.testng.internal.invokers.MethodRunner.runInSequence(MethodRunner.java:63)
at org.testng.internal.invokers.TestInvoker$MethodInvocationAgent.invoke(TestInvoker.java:961)
at org.testng.internal.invokers.TestInvoker.invokeTestMethods(TestInvoker.java:201)
at org.testng.internal.invokers.TestMethodWorker.invokeTestMethods(TestMethodWorker.java:148)
at org.testng.internal.invokers.TestMethodWorker.run(TestMethodWorker.java:128)
at java.base/java.util.ArrayList.forEach(ArrayList.java:1511)
at org.testng.TestRunner.privateRun(TestRunner.java:819)
at org.testng.TestRunner.run(TestRunner.java:619)
at org.testng.SuiteRunner.runTest(SuiteRunner.java:443)
at org.testng.SuiteRunner.runSequentially(SuiteRunner.java:437)
at org.testng.SuiteRunner.privateRun(SuiteRunner.java:397)
at org.testng.SuiteRunner.run(SuiteRunner.java:336)
at org.testng.SuiteRunnerWorker.runSuite(SuiteRunnerWorker.java:52)
at org.testng.SuiteRunnerWorker.run(SuiteRunnerWorker.java:95)
at org.testng.TestNG.runSuitesSequentially(TestNG.java:1301)
at org.testng.TestNG.runSuitesLocally(TestNG.java:1228)
at org.testng.TestNG.runSuites(TestNG.java:1134)
at org.testng.TestNG.run(TestNG.java:1101)
at org.testng.remote.AbstractRemoteTestNG.run(AbstractRemoteTestNG.java:115)
at org.testng.remote.RemoteTestNG.initAndRun(RemoteTestNG.java:251)
at org.testng.remote.RemoteTestNG.main(RemoteTestNG.java:77)
]]>
            </full-stacktrace>
          </exception> <!-- org.openqa.selenium.NoSuchElementException -->
          <reporter-output>
          </reporter-output>
        </test-method> <!-- addTocart -->
        <test-method is-config="true" signature="checkStatus(org.testng.ITestResult)[pri:0, instance:nopEcommercePoject.NopEcommerce@742ff096]" started-at="2024-03-18T15:26:13 IST" name="checkStatus" finished-at="2024-03-18T15:26:13 IST" duration-ms="142" status="PASS">
          <params>
            <param index="0">
              <value>
                <![CDATA[[TestResult name=addTocart status=FAILURE method=NopEcommerce.addTocart()[pri:2, instance:nopEcommercePoject.NopEcommerce@742ff096] output={null}]]]>
              </value>
            </param>
          </params>
          <reporter-output>
          </reporter-output>
        </test-method> <!-- checkStatus -->
        <test-method signature="checkOut()[pri:3, instance:nopEcommercePoject.NopEcommerce@742ff096]" started-at="2024-03-18T15:26:13 IST" name="checkOut" finished-at="2024-03-18T15:26:15 IST" duration-ms="1895" status="PASS">
          <reporter-output>
          </reporter-output>
        </test-method> <!-- checkOut -->
        <test-method is-config="true" signature="checkStatus(org.testng.ITestResult)[pri:0, instance:nopEcommercePoject.NopEcommerce@742ff096]" started-at="2024-03-18T15:26:15 IST" name="checkStatus" finished-at="2024-03-18T15:26:15 IST" duration-ms="2" status="PASS">
          <params>
            <param index="0">
              <value>
                <![CDATA[[TestResult name=checkOut status=SUCCESS method=NopEcommerce.checkOut()[pri:3, instance:nopEcommercePoject.NopEcommerce@742ff096] output={null}]]]>
              </value>
            </param>
          </params>
          <reporter-output>
          </reporter-output>
        </test-method> <!-- checkStatus -->
        <test-method signature="billingAddress(java.lang.String,java.lang.String,java.lang.String,java.lang.String,java.lang.String,java.lang.String,java.lang.String,java.lang.String,java.lang.String,java.lang.String,java.lang.String,java.lang.String)[pri:4, instance:nopEcommercePoject.NopEcommerce@742ff096]" started-at="2024-03-18T15:26:15 IST" name="billingAddress" data-provider="billingAddressData" finished-at="2024-03-18T15:26:19 IST" duration-ms="3380" status="PASS">
          <params>
            <param index="0">
              <value>
                <![CDATA[Omkar G]]>
              </value>
            </param>
            <param index="1">
              <value>
                <![CDATA[Patil]]>
              </value>
            </param>
            <param index="2">
              <value>
                <![CDATA[omkarg@example.com]]>
              </value>
            </param>
            <param index="3">
              <value>
                <![CDATA[Masai School]]>
              </value>
            </param>
            <param index="4">
              <value>
                <![CDATA[India]]>
              </value>
            </param>
            <param index="5">
              <value>
                <![CDATA[Other]]>
              </value>
            </param>
            <param index="6">
              <value>
                <![CDATA[Bangalore]]>
              </value>
            </param>
            <param index="7">
              <value>
                <![CDATA[Shivapura]]>
              </value>
            </param>
            <param index="8">
              <value>
                <![CDATA[Peenya]]>
              </value>
            </param>
            <param index="9">
              <value>
                <![CDATA[560058]]>
              </value>
            </param>
            <param index="10">
              <value>
                <![CDATA[9731656168]]>
              </value>
            </param>
            <param index="11">
              <value>
                <![CDATA[9035634715]]>
              </value>
            </param>
          </params>
          <reporter-output>
          </reporter-output>
        </test-method> <!-- billingAddress -->
        <test-method is-config="true" signature="checkStatus(org.testng.ITestResult)[pri:0, instance:nopEcommercePoject.NopEcommerce@742ff096]" started-at="2024-03-18T15:26:19 IST" name="checkStatus" finished-at="2024-03-18T15:26:19 IST" duration-ms="0" status="PASS">
          <params>
            <param index="0">
              <value>
                <![CDATA[[TestResult name=billingAddress status=SUCCESS method=NopEcommerce.billingAddress(java.lang.String,java.lang.String,java.lang.String,java.lang.String,java.lang.String,java.lang.String,java.lang.String,java.lang.String,java.lang.String,java.lang.String,java.lang.String,java.lang.String)[pri:4, instance:nopEcommercePoject.NopEcommerce@742ff096] output={null}]]]>
              </value>
            </param>
          </params>
          <reporter-output>
          </reporter-output>
        </test-method> <!-- checkStatus -->
        <test-method is-config="true" signature="generateExtentReport()[pri:0, instance:nopEcommercePoject.NopEcommerce@742ff096]" started-at="2024-03-18T15:26:19 IST" name="generateExtentReport" finished-at="2024-03-18T15:26:19 IST" duration-ms="849" status="PASS">
          <reporter-output>
          </reporter-output>
        </test-method> <!-- generateExtentReport -->
      </class> <!-- nopEcommercePoject.NopEcommerce -->
    </test> <!-- Integration Test -->
  </suite> <!-- Suite -->
</testng-results>
